<?xml version="1.0" encoding="UTF-8"?>
<!-- Generated by org.testng.reporters.JUnitReportReporter -->
<testsuite name="com.hybridFramework.PagesOfCorporateDefinitionMakerTest.TransactionFeeMaintenanceMakerTest" tests="12" time="244.253" ignored="0" failures="0" timestamp="04 Sep 2020 19:09:34 GMT" skipped="0" hostname="API-Laptop-065" errors="0">
  <testcase name="testloginToTransactionFeeMaintenanceCheckerWhenModify" time="5.396" classname="com.hybridFramework.PagesOfCorporateDefinitionMakerTest.TransactionFeeMaintenanceMakerTest"/>
  <testcase name="switchTowindowModifyViewPageToTransactionFeeMaintenanceMakerPage" time="15.704" classname="com.hybridFramework.PagesOfCorporateDefinitionMakerTest.TransactionFeeMaintenanceMakerTest"/>
  <testcase name="clickonsubmitbuttonAndverifySuccesfullMessageOnCheckerPage" time="0.576" classname="com.hybridFramework.PagesOfCorporateDefinitionMakerTest.TransactionFeeMaintenanceMakerTest"/>
  <testcase name="testToVerifyCheckerViewPageWhenModifedTheTransactionFeeMaintenanceMaker" time="56.720" classname="com.hybridFramework.PagesOfCorporateDefinitionMakerTest.TransactionFeeMaintenanceMakerTest"/>
  <testcase name="goToThTransactionFeeMaintenanceMakerToVerifyCheckerHasApprovedTheModifyData" time="58.570" classname="com.hybridFramework.PagesOfCorporateDefinitionMakerTest.TransactionFeeMaintenanceMakerTest"/>
  <testcase name="switchToMainwindowAndModifyTransactionFeeMaintenanceMaker" time="3.102" classname="com.hybridFramework.PagesOfCorporateDefinitionMakerTest.TransactionFeeMaintenanceMakerTest"/>
  <testcase name="verifyTransactionFeeMaintenanceCheckerPageListAfterModificationhasDoneByMaker" time="3.780" classname="com.hybridFramework.PagesOfCorporateDefinitionMakerTest.TransactionFeeMaintenanceMakerTest"/>
  <testcase name="verifyAddcheckerListOnTransactionFeeMaintenanceCheckerpage" time="10.970" classname="com.hybridFramework.PagesOfCorporateDefinitionMakerTest.TransactionFeeMaintenanceMakerTest"/>
  <testcase name="gotoMakerWhenCheckerApprovedTransactionFeeMaintenanceMaker" time="54.916" classname="com.hybridFramework.PagesOfCorporateDefinitionMakerTest.TransactionFeeMaintenanceMakerTest"/>
  <testcase name="testLoginToTransactionFeeMaintenanceMaker" time="1.194" classname="com.hybridFramework.PagesOfCorporateDefinitionMakerTest.TransactionFeeMaintenanceMakerTest"/>
  <testcase name="testToAddTransactionFeeMaintenanceMaker" time="27.701" classname="com.hybridFramework.PagesOfCorporateDefinitionMakerTest.TransactionFeeMaintenanceMakerTest"/>
  <testcase name="loginToTransactionFeeMaintenanceChecker" time="5.624" classname="com.hybridFramework.PagesOfCorporateDefinitionMakerTest.TransactionFeeMaintenanceMakerTest"/>
</testsuite> <!-- com.hybridFramework.PagesOfCorporateDefinitionMakerTest.TransactionFeeMaintenanceMakerTest -->
