<?xml version="1.0" encoding="UTF-8"?>
<!-- Generated by org.testng.reporters.JUnitReportReporter -->
<testsuite name="com.hybridFramework.AddMaker.APIKeyMakerTest" tests="7" time="84.961" ignored="0" failures="0" timestamp="01 Sep 2020 20:19:42 GMT" skipped="0" hostname="API-Laptop-065" errors="0">
  <testcase name="verifyAPIKeyCheckerpage" time="23.315" classname="com.hybridFramework.AddMaker.APIKeyMakerTest"/>
  <testcase name="testToAPIKeyMakerPage" time="11.032" classname="com.hybridFramework.AddMaker.APIKeyMakerTest"/>
  <testcase name="toAPIKeyMakerTestchekerlogin" time="16.053" classname="com.hybridFramework.AddMaker.APIKeyMakerTest"/>
  <testcase name="switchToMainwindow" time="0.143" classname="com.hybridFramework.AddMaker.APIKeyMakerTest"/>
  <testcase name="testLoginToAPIKeyMaker" time="5.406" classname="com.hybridFramework.AddMaker.APIKeyMakerTest"/>
  <testcase name="gotoMakerPagewhenApprovedApiCheckerpage" time="28.314" classname="com.hybridFramework.AddMaker.APIKeyMakerTest"/>
  <testcase name="clickonsubmitbuttonAndverifySuccesfullMessagePage" time="0.698" classname="com.hybridFramework.AddMaker.APIKeyMakerTest"/>
</testsuite> <!-- com.hybridFramework.AddMaker.APIKeyMakerTest -->
