<?xml version="1.0" encoding="UTF-8"?>
<!-- Generated by org.testng.reporters.JUnitReportReporter -->
<testsuite name="com.hybridFramework.PagesOfCorporateDefinitionMakerTest.CorporateDailyLimitMakerTest" tests="12" time="143.708" ignored="0" failures="0" timestamp="02 Sep 2020 20:08:14 GMT" skipped="0" hostname="API-Laptop-065" errors="0">
  <testcase name="verifyAddcheckerListOnCorporateDailyLimitCheckerpage" time="3.817" classname="com.hybridFramework.PagesOfCorporateDefinitionMakerTest.CorporateDailyLimitMakerTest"/>
  <testcase name="switchTowindowModifyViewPageToCorporateDailyLimitMakerPage" time="15.744" classname="com.hybridFramework.PagesOfCorporateDefinitionMakerTest.CorporateDailyLimitMakerTest"/>
  <testcase name="testLoginToCorporateDailyLimitMaker" time="2.088" classname="com.hybridFramework.PagesOfCorporateDefinitionMakerTest.CorporateDailyLimitMakerTest"/>
  <testcase name="clickonsubmitbuttonAndverifySuccesfullMessagePage" time="0.569" classname="com.hybridFramework.PagesOfCorporateDefinitionMakerTest.CorporateDailyLimitMakerTest"/>
  <testcase name="goToTheCorporateDailyLimitMakerToVerifyCheckerHasApprovedTheModifyData" time="27.494" classname="com.hybridFramework.PagesOfCorporateDefinitionMakerTest.CorporateDailyLimitMakerTest"/>
  <testcase name="switchToMainwindowAndModifyCorporateDailyLimitMaker" time="3.230" classname="com.hybridFramework.PagesOfCorporateDefinitionMakerTest.CorporateDailyLimitMakerTest"/>
  <testcase name="testToVerifyCheckerViewPageWhenModifedTheCorporateDailyLimitMaker" time="25.514" classname="com.hybridFramework.PagesOfCorporateDefinitionMakerTest.CorporateDailyLimitMakerTest"/>
  <testcase name="gotoMakerWhenCheckerHasApprovedCorporateDailyLimitMaker" time="29.441" classname="com.hybridFramework.PagesOfCorporateDefinitionMakerTest.CorporateDailyLimitMakerTest"/>
  <testcase name="testloginToCorporateDailyLimitCheckerWhenModify" time="5.839" classname="com.hybridFramework.PagesOfCorporateDefinitionMakerTest.CorporateDailyLimitMakerTest"/>
  <testcase name="testToAddCorporateDailyLimitMaker" time="22.910" classname="com.hybridFramework.PagesOfCorporateDefinitionMakerTest.CorporateDailyLimitMakerTest"/>
  <testcase name="loginToCorporateDailyLimitChecker" time="5.852" classname="com.hybridFramework.PagesOfCorporateDefinitionMakerTest.CorporateDailyLimitMakerTest"/>
  <testcase name="verifyCorporateDailyLimitCheckerPageListAfterModificationhasDoneByMaker" time="1.210" classname="com.hybridFramework.PagesOfCorporateDefinitionMakerTest.CorporateDailyLimitMakerTest"/>
</testsuite> <!-- com.hybridFramework.PagesOfCorporateDefinitionMakerTest.CorporateDailyLimitMakerTest -->
