<?xml version="1.0" encoding="UTF-8"?>
<!-- Generated by org.testng.reporters.JUnitReportReporter -->
<testsuite name="com.hybridFramework.GroupMasterDefinitionMakerTest.EntityTypeMappingMakerTest" tests="12" time="140.844" ignored="0" failures="0" timestamp="02 Sep 2020 08:23:13 GMT" skipped="0" hostname="API-Laptop-065" errors="0">
  <testcase name="clickonsubmitbuttonAndverifySuccesfullMessagePage" time="0.567" classname="com.hybridFramework.GroupMasterDefinitionMakerTest.EntityTypeMappingMakerTest"/>
  <testcase name="testloginToGroupCountryEntityTypeChecker" time="5.811" classname="com.hybridFramework.GroupMasterDefinitionMakerTest.EntityTypeMappingMakerTest"/>
  <testcase name="testToEntityTypeMappingMakerPage" time="18.083" classname="com.hybridFramework.GroupMasterDefinitionMakerTest.EntityTypeMappingMakerTest"/>
  <testcase name="loginToEntityTypeMappingChecker" time="5.813" classname="com.hybridFramework.GroupMasterDefinitionMakerTest.EntityTypeMappingMakerTest"/>
  <testcase name="goToTheGroupCountryEntityTypeMakerToVerifyCheckerHasApprovedTheModifyData" time="28.023" classname="com.hybridFramework.GroupMasterDefinitionMakerTest.EntityTypeMappingMakerTest"/>
  <testcase name="testToVerifyCheckerViewPageWhenModifedTheEntityMapping" time="22.640" classname="com.hybridFramework.GroupMasterDefinitionMakerTest.EntityTypeMappingMakerTest"/>
  <testcase name="testLoginToEntityTypeMappingMaker" time="1.804" classname="com.hybridFramework.GroupMasterDefinitionMakerTest.EntityTypeMappingMakerTest"/>
  <testcase name="switchTowindowModifyViewPageToEntityTypeMappingMakerPage" time="15.835" classname="com.hybridFramework.GroupMasterDefinitionMakerTest.EntityTypeMappingMakerTest"/>
  <testcase name="verifyAddcheckerListinGroupCountryEntityTypeCheckerpage" time="4.473" classname="com.hybridFramework.GroupMasterDefinitionMakerTest.EntityTypeMappingMakerTest"/>
  <testcase name="switchToMainwindow" time="3.217" classname="com.hybridFramework.GroupMasterDefinitionMakerTest.EntityTypeMappingMakerTest"/>
  <testcase name="gotoMakerCheckerApprovedCountrypage" time="33.692" classname="com.hybridFramework.GroupMasterDefinitionMakerTest.EntityTypeMappingMakerTest"/>
  <testcase name="verifyGroupCountryEntityTypecheckerPageListAfterModificationhasDoneByMaker" time="0.886" classname="com.hybridFramework.GroupMasterDefinitionMakerTest.EntityTypeMappingMakerTest"/>
</testsuite> <!-- com.hybridFramework.GroupMasterDefinitionMakerTest.EntityTypeMappingMakerTest -->
