<?xml version="1.0" encoding="UTF-8"?>
<!-- Generated by org.testng.reporters.JUnitReportReporter -->
<testsuite name="com.hybridFramework.AddMaker.AddCountryMakerTest" tests="13" time="294.084" ignored="0" failures="0" timestamp="24 Jun 2021 03:43:40 GMT" skipped="0" hostname="API-Laptop-065" errors="0">
  <testcase name="verifyAddcheckerListinCountryCheckerpage" time="8.844" classname="com.hybridFramework.AddMaker.AddCountryMakerTest"/>
  <testcase name="switchToMainwindow" time="15.240" classname="com.hybridFramework.AddMaker.AddCountryMakerTest"/>
  <testcase name="toLoginTheChekerPage" time="20.827" classname="com.hybridFramework.AddMaker.AddCountryMakerTest"/>
  <testcase name="testLoginToApplication2" time="32.988" classname="com.hybridFramework.AddMaker.AddCountryMakerTest"/>
  <testcase name="clickonsubmitbuttonAndverifySuccesfullMessagePage" time="12.532" classname="com.hybridFramework.AddMaker.AddCountryMakerTest"/>
  <testcase name="switchToWindowByUsingIterator" time="0.007" classname="com.hybridFramework.AddMaker.AddCountryMakerTest"/>
  <testcase name="testloginToCountryCheckerToVerifyCheckerViewPageWhenModifedTheCountry" time="47.562" classname="com.hybridFramework.AddMaker.AddCountryMakerTest"/>
  <testcase name="testLoginToApplication" time="5.703" classname="com.hybridFramework.AddMaker.AddCountryMakerTest"/>
  <testcase name="goToTheCountryMakerToVerifyCheckerHasApprovedTheModifyData" time="53.610" classname="com.hybridFramework.AddMaker.AddCountryMakerTest"/>
  <testcase name="switchTowindowModifyViewPageToADDCOUNTRYMAKERPage" time="17.044" classname="com.hybridFramework.AddMaker.AddCountryMakerTest"/>
  <testcase name="gotoMakerCheckerApprovedCountrypage" time="56.106" classname="com.hybridFramework.AddMaker.AddCountryMakerTest"/>
  <testcase name="verifyCountrycheckerPageListAfterModificationhasDoneByMaker" time="9.358" classname="com.hybridFramework.AddMaker.AddCountryMakerTest"/>
  <testcase name="testloginToCountryChecker" time="14.263" classname="com.hybridFramework.AddMaker.AddCountryMakerTest"/>
</testsuite> <!-- com.hybridFramework.AddMaker.AddCountryMakerTest -->
