<?xml version="1.0" encoding="UTF-8"?>
<!-- Generated by org.testng.reporters.JUnitReportReporter -->
<testsuite name="com.hybridFramework.AddMaker.AddEntityTypeMakerTest" tests="13" time="387.247" ignored="0" failures="0" timestamp="24 Jun 2021 15:22:10 GMT" skipped="0" hostname="API-Laptop-065" errors="0">
  <testcase name="clickonsubmitbuttonAndverifySuccesfullMessagePage" time="12.112" classname="com.hybridFramework.AddMaker.AddEntityTypeMakerTest"/>
  <testcase name="verifyAddcheckerListinEntityTypeCheckerpage" time="4.110" classname="com.hybridFramework.AddMaker.AddEntityTypeMakerTest"/>
  <testcase name="switchTowindowModifyViewPageToADDCOUNTRYMAKERPage" time="18.584" classname="com.hybridFramework.AddMaker.AddEntityTypeMakerTest"/>
  <testcase name="testloginToCountryCheckerToVerifyCheckerViewPageWhenModifedTheCountry" time="62.847" classname="com.hybridFramework.AddMaker.AddEntityTypeMakerTest"/>
  <testcase name="testLoginToApplicationWhenAddEntityType" time="107.116" classname="com.hybridFramework.AddMaker.AddEntityTypeMakerTest"/>
  <testcase name="testloginToCountryChecker" time="13.636" classname="com.hybridFramework.AddMaker.AddEntityTypeMakerTest"/>
  <testcase name="verifyCountrycheckerPageListAfterModificationhasDoneByMaker" time="1.820" classname="com.hybridFramework.AddMaker.AddEntityTypeMakerTest"/>
  <testcase name="switchToWindowByUsingIterator" time="0.010" classname="com.hybridFramework.AddMaker.AddEntityTypeMakerTest"/>
  <testcase name="goToTheCountryMakerToVerifyCheckerHasApprovedTheModifyData" time="66.658" classname="com.hybridFramework.AddMaker.AddEntityTypeMakerTest"/>
  <testcase name="chekerlogin" time="17.738" classname="com.hybridFramework.AddMaker.AddEntityTypeMakerTest"/>
  <testcase name="testLoginToApplication" time="3.920" classname="com.hybridFramework.AddMaker.AddEntityTypeMakerTest"/>
  <testcase name="gotoMakerWhenCheckerHasApprovedEntityTypepage" time="53.444" classname="com.hybridFramework.AddMaker.AddEntityTypeMakerTest"/>
  <testcase name="switchToMainwindow" time="25.252" classname="com.hybridFramework.AddMaker.AddEntityTypeMakerTest"/>
</testsuite> <!-- com.hybridFramework.AddMaker.AddEntityTypeMakerTest -->
