<?xml version="1.0" encoding="UTF-8"?>
<!-- Generated by org.testng.reporters.JUnitReportReporter -->
<testsuite name="com.hybridFramework.AddMaker.AddSubPurposeMakerTest" tests="12" time="200.282" ignored="0" failures="0" timestamp="01 Sep 2020 13:33:26 GMT" skipped="0" hostname="API-Laptop-065" errors="0">
  <testcase name="toTestSubPurposeCheckerLoginPageAndVerifyIt" time="12.054" classname="com.hybridFramework.AddMaker.AddSubPurposeMakerTest"/>
  <testcase name="gotoMakerWhenCheckerApprovedAddSubPurposeMaker" time="40.311" classname="com.hybridFramework.AddMaker.AddSubPurposeMakerTest"/>
  <testcase name="testLoginToAddSubPurposeMaker" time="1.479" classname="com.hybridFramework.AddMaker.AddSubPurposeMakerTest"/>
  <testcase name="goToTheAddSubPurposeMakerToVerifyCheckerHasApprovedTheModifyData" time="50.887" classname="com.hybridFramework.AddMaker.AddSubPurposeMakerTest"/>
  <testcase name="verifyAddSubPurposeCheckerPageListAfterModificationhasDoneByMaker" time="1.042" classname="com.hybridFramework.AddMaker.AddSubPurposeMakerTest"/>
  <testcase name="clickonsubmitbuttonAndverifySuccesfullMessagePage" time="0.539" classname="com.hybridFramework.AddMaker.AddSubPurposeMakerTest"/>
  <testcase name="switchTowindowModifyViewPageToAddSubPurposeMakerPage" time="15.790" classname="com.hybridFramework.AddMaker.AddSubPurposeMakerTest"/>
  <testcase name="testToAddSubPurposeMakerPage" time="12.022" classname="com.hybridFramework.AddMaker.AddSubPurposeMakerTest"/>
  <testcase name="verifyAddcheckerListinAddSubPurposeCheckerpage" time="3.501" classname="com.hybridFramework.AddMaker.AddSubPurposeMakerTest"/>
  <testcase name="testloginToAddSubPurposeChecker" time="5.853" classname="com.hybridFramework.AddMaker.AddSubPurposeMakerTest"/>
  <testcase name="testloginToSubPurposeCheckerToVerifyCheckerViewPageWhenModifedTheAddSubPurposeMaker" time="40.392" classname="com.hybridFramework.AddMaker.AddSubPurposeMakerTest"/>
  <testcase name="switchToMainwindow" time="16.412" classname="com.hybridFramework.AddMaker.AddSubPurposeMakerTest"/>
</testsuite> <!-- com.hybridFramework.AddMaker.AddSubPurposeMakerTest -->
