<?xml version="1.0" encoding="UTF-8"?>
<!-- Generated by org.testng.reporters.JUnitReportReporter -->
<testsuite name="com.hybridFramework.AddMaker.AddCutOffMakerTest" tests="12" time="162.874" ignored="0" failures="0" timestamp="02 Sep 2020 12:08:53 GMT" skipped="0" hostname="API-Laptop-065" errors="0">
  <testcase name="testLoginToApplication" time="11.560" classname="com.hybridFramework.AddMaker.AddCutOffMakerTest"/>
  <testcase name="testloginToCountryCheckerToVerifyCheckerViewPageWhenModifedTheCountry" time="68.902" classname="com.hybridFramework.AddMaker.AddCutOffMakerTest"/>
  <testcase name="chekerlogin" time="12.284" classname="com.hybridFramework.AddMaker.AddCutOffMakerTest"/>
  <testcase name="switchToMainwindow" time="10.017" classname="com.hybridFramework.AddMaker.AddCutOffMakerTest"/>
  <testcase name="verifyCountrycheckerPageListAfterModificationhasDoneByMaker" time="0.004" classname="com.hybridFramework.AddMaker.AddCutOffMakerTest"/>
  <testcase name="gotoMakerCheckerApprovedCountrypage" time="33.099" classname="com.hybridFramework.AddMaker.AddCutOffMakerTest"/>
  <testcase name="switchTowindowModifyViewPageToPaymentTypePage" time="10.862" classname="com.hybridFramework.AddMaker.AddCutOffMakerTest"/>
  <testcase name="verifyAddcheckerListinPaymentTypeCheckerpage" time="0.547" classname="com.hybridFramework.AddMaker.AddCutOffMakerTest"/>
  <testcase name="testLoginToApplication2" time="15.589" classname="com.hybridFramework.AddMaker.AddCutOffMakerTest"/>
  <testcase name="clickonsubmitbuttonAndverifySuccesfullMessagePage" time="0.003" classname="com.hybridFramework.AddMaker.AddCutOffMakerTest"/>
  <testcase name="testloginToCountryChecker" time="0.005" classname="com.hybridFramework.AddMaker.AddCutOffMakerTest"/>
  <testcase name="switchToWindowByUsingIterator" time="0.002" classname="com.hybridFramework.AddMaker.AddCutOffMakerTest"/>
</testsuite> <!-- com.hybridFramework.AddMaker.AddCutOffMakerTest -->
