<?xml version="1.0" encoding="UTF-8"?>
<!-- Generated by org.testng.reporters.JUnitReportReporter -->
<testsuite name="com.hybridFramework.PagesOfCorporateDefinitionMakerTest.CorporatePaymentLimitsMakerTest" tests="12" time="222.658" ignored="0" failures="0" timestamp="02 Sep 2020 20:39:33 GMT" skipped="0" hostname="API-Laptop-065" errors="0">
  <testcase name="goToThCorporatePaymentLimitsMakerToVerifyCheckerHasApprovedTheModifyData" time="49.642" classname="com.hybridFramework.PagesOfCorporateDefinitionMakerTest.CorporatePaymentLimitsMakerTest"/>
  <testcase name="testLoginToCorporatePaymentLimitsMaker" time="1.299" classname="com.hybridFramework.PagesOfCorporateDefinitionMakerTest.CorporatePaymentLimitsMakerTest"/>
  <testcase name="verifyCorporatePaymentLimitscheckerPageListAfterModificationhasDoneByMaker" time="1.259" classname="com.hybridFramework.PagesOfCorporateDefinitionMakerTest.CorporatePaymentLimitsMakerTest"/>
  <testcase name="switchToMainwindowAndModifyIt" time="8.820" classname="com.hybridFramework.PagesOfCorporateDefinitionMakerTest.CorporatePaymentLimitsMakerTest"/>
  <testcase name="loginToCorporatePaymentLimitsChecker" time="6.092" classname="com.hybridFramework.PagesOfCorporateDefinitionMakerTest.CorporatePaymentLimitsMakerTest"/>
  <testcase name="clickonsubmitbuttonAndverifySuccesfullMessagePage" time="0.590" classname="com.hybridFramework.PagesOfCorporateDefinitionMakerTest.CorporatePaymentLimitsMakerTest"/>
  <testcase name="verifyAddcheckerListOnCorporatePaymentLimitsCheckerpage" time="3.735" classname="com.hybridFramework.PagesOfCorporateDefinitionMakerTest.CorporatePaymentLimitsMakerTest"/>
  <testcase name="testToAddCorporatePaymentLimitsMaker" time="27.431" classname="com.hybridFramework.PagesOfCorporateDefinitionMakerTest.CorporatePaymentLimitsMakerTest"/>
  <testcase name="switchTowindowModifyViewPageToCorpoeatePaymentLimitsMakerPage" time="16.214" classname="com.hybridFramework.PagesOfCorporateDefinitionMakerTest.CorporatePaymentLimitsMakerTest"/>
  <testcase name="gotoMakerWhenCheckerApprovedCorporatePaymentLimits" time="52.467" classname="com.hybridFramework.PagesOfCorporateDefinitionMakerTest.CorporatePaymentLimitsMakerTest"/>
  <testcase name="testToVerifyCheckerViewPageWhenModifedTheCorporatePaymentLimits" time="48.949" classname="com.hybridFramework.PagesOfCorporateDefinitionMakerTest.CorporatePaymentLimitsMakerTest"/>
  <testcase name="testloginToCorporatePaymentLimitsChecker" time="6.160" classname="com.hybridFramework.PagesOfCorporateDefinitionMakerTest.CorporatePaymentLimitsMakerTest"/>
</testsuite> <!-- com.hybridFramework.PagesOfCorporateDefinitionMakerTest.CorporatePaymentLimitsMakerTest -->
