<?xml version="1.0" encoding="UTF-8"?>
<!-- Generated by org.testng.reporters.JUnitReportReporter -->
<testsuite name="com.hybridFramework.PagesOfCorporateDefinitionMakerTest.CorporatePoolAccountDetailsMakerTest" tests="12" time="170.651" ignored="0" failures="0" timestamp="02 Sep 2020 19:10:55 GMT" skipped="0" hostname="API-Laptop-065" errors="0">
  <testcase name="testToVerifyCheckerViewPageWhenModifedTheCorporatePoolAccountDetails" time="30.276" classname="com.hybridFramework.PagesOfCorporateDefinitionMakerTest.CorporatePoolAccountDetailsMakerTest"/>
  <testcase name="testLoginToCorporatePoolAccountDetailsMaker" time="1.569" classname="com.hybridFramework.PagesOfCorporateDefinitionMakerTest.CorporatePoolAccountDetailsMakerTest"/>
  <testcase name="verifyCorporatePoolAccountcheckerPageListAfterModificationhasDoneByMaker" time="1.233" classname="com.hybridFramework.PagesOfCorporateDefinitionMakerTest.CorporatePoolAccountDetailsMakerTest"/>
  <testcase name="verifyAddcheckerListOnCorporatePoolAccountDetailsPage" time="4.540" classname="com.hybridFramework.PagesOfCorporateDefinitionMakerTest.CorporatePoolAccountDetailsMakerTest"/>
  <testcase name="switchToMainwindowAndModifyTheData" time="2.879" classname="com.hybridFramework.PagesOfCorporateDefinitionMakerTest.CorporatePoolAccountDetailsMakerTest"/>
  <testcase name="goToThCorporatePoolAccountDetailsMakerToVerifyCheckerHasApprovedTheModifyData" time="34.367" classname="com.hybridFramework.PagesOfCorporateDefinitionMakerTest.CorporatePoolAccountDetailsMakerTest"/>
  <testcase name="clickonsubmitbuttonAndverifySuccesfullMessagePage" time="0.643" classname="com.hybridFramework.PagesOfCorporateDefinitionMakerTest.CorporatePoolAccountDetailsMakerTest"/>
  <testcase name="loginToCorporatePoolAccountDetailsChecker" time="5.731" classname="com.hybridFramework.PagesOfCorporateDefinitionMakerTest.CorporatePoolAccountDetailsMakerTest"/>
  <testcase name="switchTowindowModifyViewPageToCorpoeatePoolAccountDetailsMakerPage" time="15.878" classname="com.hybridFramework.PagesOfCorporateDefinitionMakerTest.CorporatePoolAccountDetailsMakerTest"/>
  <testcase name="gotoMakerWhenCheckerHasApprovedCorporatePoolAccountDetailsMaker" time="40.038" classname="com.hybridFramework.PagesOfCorporateDefinitionMakerTest.CorporatePoolAccountDetailsMakerTest"/>
  <testcase name="testloginToCorporatePoolAccountDetailsChecker" time="5.730" classname="com.hybridFramework.PagesOfCorporateDefinitionMakerTest.CorporatePoolAccountDetailsMakerTest"/>
  <testcase name="testToAddCorporatePoolAccountDetailsMaker" time="27.767" classname="com.hybridFramework.PagesOfCorporateDefinitionMakerTest.CorporatePoolAccountDetailsMakerTest"/>
</testsuite> <!-- com.hybridFramework.PagesOfCorporateDefinitionMakerTest.CorporatePoolAccountDetailsMakerTest -->
