<?xml version="1.0" encoding="UTF-8"?>
<!-- Generated by org.testng.reporters.JUnitReportReporter -->
<testsuite name="com.hybridFramework.PagesOfCorporateDefinitionMakerTest.CorporatePaymentMappingMakerTest" tests="12" time="158.708" ignored="0" failures="0" timestamp="02 Sep 2020 19:44:02 GMT" skipped="0" hostname="API-Laptop-065" errors="0">
  <testcase name="testloginToCorporatePaymentMappingCheckerWhenModify" time="5.946" classname="com.hybridFramework.PagesOfCorporateDefinitionMakerTest.CorporatePaymentMappingMakerTest"/>
  <testcase name="clickonsubmitbuttonAndverifySuccesfullMessagePage" time="0.634" classname="com.hybridFramework.PagesOfCorporateDefinitionMakerTest.CorporatePaymentMappingMakerTest"/>
  <testcase name="goToTheCorporatePaymentMappingMakerToVerifyCheckerHasApprovedTheModifyData" time="31.296" classname="com.hybridFramework.PagesOfCorporateDefinitionMakerTest.CorporatePaymentMappingMakerTest"/>
  <testcase name="testLoginToCorporatePaymentMappingMaker" time="1.235" classname="com.hybridFramework.PagesOfCorporateDefinitionMakerTest.CorporatePaymentMappingMakerTest"/>
  <testcase name="loginToCorporatePaymentMappingChecker" time="6.002" classname="com.hybridFramework.PagesOfCorporateDefinitionMakerTest.CorporatePaymentMappingMakerTest"/>
  <testcase name="gotoMakerWhenCheckerHasApprovedCorporatePaymentMappingMakerpage" time="31.875" classname="com.hybridFramework.PagesOfCorporateDefinitionMakerTest.CorporatePaymentMappingMakerTest"/>
  <testcase name="verifyAddcheckerListOnEntityLicenseCountryCheckerpage" time="3.612" classname="com.hybridFramework.PagesOfCorporateDefinitionMakerTest.CorporatePaymentMappingMakerTest"/>
  <testcase name="verifyCorporatePaymentMappingCheckerPageListAfterModificationhasDoneByMaker" time="0.960" classname="com.hybridFramework.PagesOfCorporateDefinitionMakerTest.CorporatePaymentMappingMakerTest"/>
  <testcase name="switchToMainwindowToCorporatePaymentMappingMakerAndModifyIt" time="3.861" classname="com.hybridFramework.PagesOfCorporateDefinitionMakerTest.CorporatePaymentMappingMakerTest"/>
  <testcase name="testToAddCorporatePaymentMappingMaker" time="29.350" classname="com.hybridFramework.PagesOfCorporateDefinitionMakerTest.CorporatePaymentMappingMakerTest"/>
  <testcase name="testToVerifyCheckerViewPageWhenModifedTheCorporatePaymentMappingMaker" time="28.128" classname="com.hybridFramework.PagesOfCorporateDefinitionMakerTest.CorporatePaymentMappingMakerTest"/>
  <testcase name="switchTowindowModifyViewPageToCorporatePaymentMappingMakerPage" time="15.809" classname="com.hybridFramework.PagesOfCorporateDefinitionMakerTest.CorporatePaymentMappingMakerTest"/>
</testsuite> <!-- com.hybridFramework.PagesOfCorporateDefinitionMakerTest.CorporatePaymentMappingMakerTest -->
