<?xml version="1.0" encoding="UTF-8"?>
<!-- Generated by org.testng.reporters.JUnitReportReporter -->
<testsuite name="com.hybridFramework.pagesOfTransactionTest.TransactionBulkUploadTest" tests="7" time="124.175" ignored="0" failures="0" timestamp="05 Sep 2020 18:21:19 GMT" skipped="0" hostname="API-Laptop-065" errors="0">
  <testcase name="testTotransactionApprovalCheckaerPage" time="5.667" classname="com.hybridFramework.pagesOfTransactionTest.TransactionBulkUploadTest"/>
  <testcase name="testToAddFileOnBulkUploadMaker" time="22.384" classname="com.hybridFramework.pagesOfTransactionTest.TransactionBulkUploadTest"/>
  <testcase name="testToCorporateTransactionApprovalMakerPage" time="79.988" classname="com.hybridFramework.pagesOfTransactionTest.TransactionBulkUploadTest"/>
  <testcase name="verifytheTransactionApprovalCheckerPage" time="3.549" classname="com.hybridFramework.pagesOfTransactionTest.TransactionBulkUploadTest"/>
  <testcase name="testToverifyBulkUploadCheckerpageWhenAdded" time="7.388" classname="com.hybridFramework.pagesOfTransactionTest.TransactionBulkUploadTest"/>
  <testcase name="testLoginToTransactionBulkUploadMaker" time="2.422" classname="com.hybridFramework.pagesOfTransactionTest.TransactionBulkUploadTest"/>
  <testcase name="testLoginToBulkUploadchecker" time="2.777" classname="com.hybridFramework.pagesOfTransactionTest.TransactionBulkUploadTest"/>
</testsuite> <!-- com.hybridFramework.pagesOfTransactionTest.TransactionBulkUploadTest -->
