<?xml version="1.0" encoding="UTF-8"?>
<!-- Generated by org.testng.reporters.JUnitReportReporter -->
<testsuite name="com.hybridFramework.pagesOfTransactionTest.Transaction360ReportTest" tests="3" time="16.439" ignored="0" failures="0" timestamp="28 Aug 2020 20:43:59 GMT" skipped="0" hostname="API-Laptop-065" errors="0">
  <testcase name="report360" time="10.816" classname="com.hybridFramework.pagesOfTransactionTest.Transaction360ReportTest"/>
  <testcase name="testLoginToApplication" time="1.663" classname="com.hybridFramework.pagesOfTransactionTest.Transaction360ReportTest"/>
  <testcase name="testLoginToBulkUploadMaker" time="3.960" classname="com.hybridFramework.pagesOfTransactionTest.Transaction360ReportTest"/>
</testsuite> <!-- com.hybridFramework.pagesOfTransactionTest.Transaction360ReportTest -->
