<?xml version="1.0" encoding="UTF-8"?>
<!-- Generated by org.testng.reporters.JUnitReportReporter -->
<testsuite name="com.hybridFramework.AddMaker.FileFormatListCheckTest" tests="6" time="247.119" ignored="0" failures="0" timestamp="01 Sep 2020 18:33:28 GMT" skipped="0" hostname="API-Laptop-065" errors="0">
  <testcase name="goToTheFileFormatListCheckerToVerifyWhenTheModifyData" time="66.840" classname="com.hybridFramework.AddMaker.FileFormatListCheckTest"/>
  <testcase name="switchTowindowModifyViewPageToFileFormatListCheckPage" time="15.871" classname="com.hybridFramework.AddMaker.FileFormatListCheckTest"/>
  <testcase name="testLoginToFileFormatListCheck" time="1.507" classname="com.hybridFramework.AddMaker.FileFormatListCheckTest"/>
  <testcase name="clickOnViewButtonOnMakerAndVerifyViewPagewithSerachFieldTextandDropDown" time="126.275" classname="com.hybridFramework.AddMaker.FileFormatListCheckTest"/>
  <testcase name="switchToMainwindow" time="21.051" classname="com.hybridFramework.AddMaker.FileFormatListCheckTest"/>
  <testcase name="testToFileFormatListCheckPage" time="15.575" classname="com.hybridFramework.AddMaker.FileFormatListCheckTest"/>
</testsuite> <!-- com.hybridFramework.AddMaker.FileFormatListCheckTest -->
