<?xml version="1.0" encoding="UTF-8"?>
<!-- Generated by org.testng.reporters.JUnitReportReporter -->
<testsuite name="com.hybridFramework.GroupMasterDefinitionMakerTest.EntityPurposeMakerMappingTest" tests="12" time="155.937" ignored="0" failures="0" timestamp="02 Sep 2020 09:05:50 GMT" skipped="0" hostname="API-Laptop-065" errors="0">
  <testcase name="verifyAddcheckerListinGroupCountryEntityTypePurposeCheckerpage" time="3.786" classname="com.hybridFramework.GroupMasterDefinitionMakerTest.EntityPurposeMakerMappingTest"/>
  <testcase name="verifyGroupCountryEntityTypePurposeCheckerPageListAfterModificationhasDoneByMaker" time="1.079" classname="com.hybridFramework.GroupMasterDefinitionMakerTest.EntityPurposeMakerMappingTest"/>
  <testcase name="testLoginToEntityPurposeMakerMapping" time="2.054" classname="com.hybridFramework.GroupMasterDefinitionMakerTest.EntityPurposeMakerMappingTest"/>
  <testcase name="testloginToGroupCountryEntityTypePurposeCheckerToVerifyCheckerViewPageWhenModifedPaymentTypeMapping" time="23.545" classname="com.hybridFramework.GroupMasterDefinitionMakerTest.EntityPurposeMakerMappingTest"/>
  <testcase name="goToTheGroupCountryEntityTypePurposeMakerToVerifyCheckerHasApprovedTheModifyData" time="28.492" classname="com.hybridFramework.GroupMasterDefinitionMakerTest.EntityPurposeMakerMappingTest"/>
  <testcase name="loginToEntityPurposeMakerMappingChecker" time="5.825" classname="com.hybridFramework.GroupMasterDefinitionMakerTest.EntityPurposeMakerMappingTest"/>
  <testcase name="clickonsubmitbuttonAndverifySuccesfullMessagePage" time="0.567" classname="com.hybridFramework.GroupMasterDefinitionMakerTest.EntityPurposeMakerMappingTest"/>
  <testcase name="gotoMakerWhenCheckerApprovedTheGroupCountryEntityTypePurposeMakerpage" time="35.037" classname="com.hybridFramework.GroupMasterDefinitionMakerTest.EntityPurposeMakerMappingTest"/>
  <testcase name="testToEntityPurposeMakerMappingPage" time="27.732" classname="com.hybridFramework.GroupMasterDefinitionMakerTest.EntityPurposeMakerMappingTest"/>
  <testcase name="switchTowindowModifyViewPageToEntityPurposeMappingMakerPage" time="15.998" classname="com.hybridFramework.GroupMasterDefinitionMakerTest.EntityPurposeMakerMappingTest"/>
  <testcase name="switchToMainwindow" time="6.087" classname="com.hybridFramework.GroupMasterDefinitionMakerTest.EntityPurposeMakerMappingTest"/>
  <testcase name="testloginToGroupCountryEntityTypePurposeChecker" time="5.735" classname="com.hybridFramework.GroupMasterDefinitionMakerTest.EntityPurposeMakerMappingTest"/>
</testsuite> <!-- com.hybridFramework.GroupMasterDefinitionMakerTest.EntityPurposeMakerMappingTest -->
