<?xml version="1.0" encoding="UTF-8"?>
<!-- Generated by org.testng.reporters.JUnitReportReporter -->
<testsuite name="com.hybridFramework.AddMaker.AddPurposeMakerTest" tests="13" time="194.083" ignored="0" failures="0" timestamp="01 Sep 2020 12:54:28 GMT" skipped="0" hostname="API-Laptop-065" errors="0">
  <testcase name="gotoMakerPageWhenCheckerApprovedPurposepage" time="38.376" classname="com.hybridFramework.AddMaker.AddPurposeMakerTest"/>
  <testcase name="clickonsubmitbuttonAndverifySuccesfullMessagePage" time="0.720" classname="com.hybridFramework.AddMaker.AddPurposeMakerTest"/>
  <testcase name="verifyCountrycheckerPageListAfterModificationhasDoneByMaker" time="1.590" classname="com.hybridFramework.AddMaker.AddPurposeMakerTest"/>
  <testcase name="testLoginToApplicationAddPurposeMaker" time="2.055" classname="com.hybridFramework.AddMaker.AddPurposeMakerTest"/>
  <testcase name="switchToWindowByUsingIterator" time="0.001" classname="com.hybridFramework.AddMaker.AddPurposeMakerTest"/>
  <testcase name="goToThePurposeMakerToVerifyCheckerHasApprovedTheModifyData" time="48.024" classname="com.hybridFramework.AddMaker.AddPurposeMakerTest"/>
  <testcase name="switchTowindowModifyViewPageToPaymentTypePage" time="15.821" classname="com.hybridFramework.AddMaker.AddPurposeMakerTest"/>
  <testcase name="purposeChekerlogin" time="12.067" classname="com.hybridFramework.AddMaker.AddPurposeMakerTest"/>
  <testcase name="testloginToCountryChecker" time="5.931" classname="com.hybridFramework.AddMaker.AddPurposeMakerTest"/>
  <testcase name="testloginToPurposeCheckerToVerifyCheckerViewPageWhenModifedThePurpose" time="37.744" classname="com.hybridFramework.AddMaker.AddPurposeMakerTest"/>
  <testcase name="testToAddPurposeMakerPage" time="11.380" classname="com.hybridFramework.AddMaker.AddPurposeMakerTest"/>
  <testcase name="switchToMainwindow" time="16.818" classname="com.hybridFramework.AddMaker.AddPurposeMakerTest"/>
  <testcase name="verifyAddcheckerListOnPurposeCheckerpage" time="3.556" classname="com.hybridFramework.AddMaker.AddPurposeMakerTest"/>
</testsuite> <!-- com.hybridFramework.AddMaker.AddPurposeMakerTest -->
