<?xml version="1.0" encoding="UTF-8"?>
<!-- Generated by org.testng.reporters.JUnitReportReporter -->
<testsuite name="com.hybridFramework.AddMaker.AddCurrencyMakerTest" tests="13" time="277.764" ignored="0" failures="0" timestamp="24 Jun 2021 04:32:25 GMT" skipped="0" hostname="API-Laptop-065" errors="0">
  <testcase name="verifyAddcheckerListOnCurrencyCheckerpage" time="4.386" classname="com.hybridFramework.AddMaker.AddCurrencyMakerTest"/>
  <testcase name="testloginToCurrencyCheckerToVerifyCheckerViewPageWhenModifedTheCurrency" time="48.555" classname="com.hybridFramework.AddMaker.AddCurrencyMakerTest"/>
  <testcase name="testLoginToApplicationEnterCurrencyDataOnMaker" time="19.563" classname="com.hybridFramework.AddMaker.AddCurrencyMakerTest"/>
  <testcase name="clickonsubmitbuttonAndverifySuccesfullMessagePage" time="10.243" classname="com.hybridFramework.AddMaker.AddCurrencyMakerTest"/>
  <testcase name="gotoMakerWhenCheckerHasApprovedCurrencyage" time="46.982" classname="com.hybridFramework.AddMaker.AddCurrencyMakerTest"/>
  <testcase name="goToTheCurrencyMakerToVerifyCheckerHasApprovedTheModifyData" time="43.770" classname="com.hybridFramework.AddMaker.AddCurrencyMakerTest"/>
  <testcase name="testloginToCurrencyChecker" time="12.415" classname="com.hybridFramework.AddMaker.AddCurrencyMakerTest"/>
  <testcase name="testLoginToApplication" time="3.443" classname="com.hybridFramework.AddMaker.AddCurrencyMakerTest"/>
  <testcase name="loginToAddCurrencyChecker" time="17.525" classname="com.hybridFramework.AddMaker.AddCurrencyMakerTest"/>
  <testcase name="switchTowindowModifyViewPageToAddCurrencyMkaerPage" time="16.775" classname="com.hybridFramework.AddMaker.AddCurrencyMakerTest"/>
  <testcase name="switchToWindowByUsingIterator" time="0.001" classname="com.hybridFramework.AddMaker.AddCurrencyMakerTest"/>
  <testcase name="verifyCurrencyCheckerPageListAfterModificationhasDoneByMaker" time="7.260" classname="com.hybridFramework.AddMaker.AddCurrencyMakerTest"/>
  <testcase name="switchToMainwindow" time="46.846" classname="com.hybridFramework.AddMaker.AddCurrencyMakerTest"/>
</testsuite> <!-- com.hybridFramework.AddMaker.AddCurrencyMakerTest -->
