<?xml version="1.0" encoding="UTF-8"?>
<!-- Generated by org.testng.reporters.JUnitReportReporter -->
<testsuite name="com.hybridFramework.AddMaker.AddPaymentRoutingMakerTest" tests="12" time="207.883" ignored="0" failures="0" timestamp="01 Sep 2020 19:25:10 GMT" skipped="0" hostname="API-Laptop-065" errors="0">
  <testcase name="verifyAddPaymentRoutingCheckerPageListAfterModificationhasDoneByMaker" time="0.858" classname="com.hybridFramework.AddMaker.AddPaymentRoutingMakerTest"/>
  <testcase name="gotoMakerWhenCheckerHasApprovedAddPaymentRoutingMaker" time="40.840" classname="com.hybridFramework.AddMaker.AddPaymentRoutingMakerTest"/>
  <testcase name="clickonsubmitbuttonAndverifySuccesfullMessagePage" time="0.568" classname="com.hybridFramework.AddMaker.AddPaymentRoutingMakerTest"/>
  <testcase name="verifyAddcheckerListinPaymentRoutingCheckerpage" time="3.544" classname="com.hybridFramework.AddMaker.AddPaymentRoutingMakerTest"/>
  <testcase name="switchToMainwindow" time="17.196" classname="com.hybridFramework.AddMaker.AddPaymentRoutingMakerTest"/>
  <testcase name="testloginToPaymentRoutingCheckerToVerifyCheckerViewPageWhenModifedThePaymentRouting" time="35.934" classname="com.hybridFramework.AddMaker.AddPaymentRoutingMakerTest"/>
  <testcase name="goToTheAddPaymentRoutingMakerToVerifyCheckerHasApprovedTheModifyData" time="50.554" classname="com.hybridFramework.AddMaker.AddPaymentRoutingMakerTest"/>
  <testcase name="testToAddPaymentRoutingMakerPage" time="11.462" classname="com.hybridFramework.AddMaker.AddPaymentRoutingMakerTest"/>
  <testcase name="testLoginToAddPaymentRoutingMaker" time="5.224" classname="com.hybridFramework.AddMaker.AddPaymentRoutingMakerTest"/>
  <testcase name="toLoginAddPaymentRoutingchekerPage" time="16.143" classname="com.hybridFramework.AddMaker.AddPaymentRoutingMakerTest"/>
  <testcase name="switchTowindowModifyViewPageToAddPaymentRoutingPage" time="15.859" classname="com.hybridFramework.AddMaker.AddPaymentRoutingMakerTest"/>
  <testcase name="testloginToAddPaymentRoutingChecker" time="9.701" classname="com.hybridFramework.AddMaker.AddPaymentRoutingMakerTest"/>
</testsuite> <!-- com.hybridFramework.AddMaker.AddPaymentRoutingMakerTest -->
