<?xml version="1.0" encoding="UTF-8"?>
<!-- Generated by org.testng.reporters.JUnitReportReporter -->
<testsuite name="com.hybridFramework.PagesOfCorporateDefinitionMakerTest.AddCorporatePurposeMakerTest" tests="12" time="156.227" ignored="0" failures="0" timestamp="04 Sep 2020 17:07:59 GMT" skipped="0" hostname="API-Laptop-065" errors="0">
  <testcase name="verifyAddcheckerListOnCorporatePurposeCheckerpage" time="4.144" classname="com.hybridFramework.PagesOfCorporateDefinitionMakerTest.AddCorporatePurposeMakerTest"/>
  <testcase name="testLoginToAddCorporatePurposeMaker" time="1.317" classname="com.hybridFramework.PagesOfCorporateDefinitionMakerTest.AddCorporatePurposeMakerTest"/>
  <testcase name="gotoMakerWhenCheckerApprovedAddCorporatePurposeMaker" time="32.242" classname="com.hybridFramework.PagesOfCorporateDefinitionMakerTest.AddCorporatePurposeMakerTest"/>
  <testcase name="goToThCorporatePurposeMakerToVerifyCheckerHasApprovedTheModifyData" time="30.662" classname="com.hybridFramework.PagesOfCorporateDefinitionMakerTest.AddCorporatePurposeMakerTest"/>
  <testcase name="switchToMainwindowAndModifyTheData" time="3.284" classname="com.hybridFramework.PagesOfCorporateDefinitionMakerTest.AddCorporatePurposeMakerTest"/>
  <testcase name="testToVerifyCheckerViewPageWhenModifedTheCorporatePurposeMaker" time="28.100" classname="com.hybridFramework.PagesOfCorporateDefinitionMakerTest.AddCorporatePurposeMakerTest"/>
  <testcase name="switchTowindowModifyViewPageToCorpoeatePurposreMakerPage" time="15.807" classname="com.hybridFramework.PagesOfCorporateDefinitionMakerTest.AddCorporatePurposeMakerTest"/>
  <testcase name="testToAddCorporatePurposeMaker" time="27.389" classname="com.hybridFramework.PagesOfCorporateDefinitionMakerTest.AddCorporatePurposeMakerTest"/>
  <testcase name="testloginToCorporatePurposeChecker" time="5.580" classname="com.hybridFramework.PagesOfCorporateDefinitionMakerTest.AddCorporatePurposeMakerTest"/>
  <testcase name="clickonsubmitbuttonAndverifySuccesfullMessagePageOnCheckerPage" time="0.744" classname="com.hybridFramework.PagesOfCorporateDefinitionMakerTest.AddCorporatePurposeMakerTest"/>
  <testcase name="verifyCorporatePurposecheckerPageListAfterModificationhasDoneByMaker" time="1.080" classname="com.hybridFramework.PagesOfCorporateDefinitionMakerTest.AddCorporatePurposeMakerTest"/>
  <testcase name="loginToAddCorporatePurposeChecker" time="5.878" classname="com.hybridFramework.PagesOfCorporateDefinitionMakerTest.AddCorporatePurposeMakerTest"/>
</testsuite> <!-- com.hybridFramework.PagesOfCorporateDefinitionMakerTest.AddCorporatePurposeMakerTest -->
