<?xml version="1.0" encoding="UTF-8"?>
<!-- Generated by org.testng.reporters.JUnitReportReporter -->
<testsuite name="com.hybridFramework.GroupMasterDefinitionMakerTest.PaymentTypeMappingMakerTest" tests="12" time="143.287" ignored="0" failures="0" timestamp="02 Sep 2020 08:50:35 GMT" skipped="0" hostname="API-Laptop-065" errors="0">
  <testcase name="verifyAddcheckerListinGroupCountryPaymentTypeCheckerpage" time="3.464" classname="com.hybridFramework.GroupMasterDefinitionMakerTest.PaymentTypeMappingMakerTest"/>
  <testcase name="goToTheGroupCountryPaymentTypeMakerToVerifyCheckerHasApprovedTheModifyData" time="27.504" classname="com.hybridFramework.GroupMasterDefinitionMakerTest.PaymentTypeMappingMakerTest"/>
  <testcase name="clickonsubmitbuttonAndverifySuccesfullMessagePage" time="0.571" classname="com.hybridFramework.GroupMasterDefinitionMakerTest.PaymentTypeMappingMakerTest"/>
  <testcase name="testloginToGroupCountryPaymentTypeCheckerToVerifyCheckerViewPageWhenModifedPaymentTypeMapping" time="22.220" classname="com.hybridFramework.GroupMasterDefinitionMakerTest.PaymentTypeMappingMakerTest"/>
  <testcase name="switchToMainwindow" time="2.727" classname="com.hybridFramework.GroupMasterDefinitionMakerTest.PaymentTypeMappingMakerTest"/>
  <testcase name="gotoMakerCheckerApprovedCountrypage" time="33.643" classname="com.hybridFramework.GroupMasterDefinitionMakerTest.PaymentTypeMappingMakerTest"/>
  <testcase name="switchTowindowModifyViewPageToPaymentTypeMappingMakerPage" time="15.840" classname="com.hybridFramework.GroupMasterDefinitionMakerTest.PaymentTypeMappingMakerTest"/>
  <testcase name="testLoginToPaymentTypeMappingMaker" time="2.639" classname="com.hybridFramework.GroupMasterDefinitionMakerTest.PaymentTypeMappingMakerTest"/>
  <testcase name="testloginToGroupCountryPaymentTypeChecker" time="5.694" classname="com.hybridFramework.GroupMasterDefinitionMakerTest.PaymentTypeMappingMakerTest"/>
  <testcase name="testToPaymentTypeMappingMakerPage" time="21.910" classname="com.hybridFramework.GroupMasterDefinitionMakerTest.PaymentTypeMappingMakerTest"/>
  <testcase name="loginToPaymentTypeMappingChecker" time="6.088" classname="com.hybridFramework.GroupMasterDefinitionMakerTest.PaymentTypeMappingMakerTest"/>
  <testcase name="verifyGroupCountryPaymentTypeCheckerPageListAfterModificationhasDoneByMaker" time="0.987" classname="com.hybridFramework.GroupMasterDefinitionMakerTest.PaymentTypeMappingMakerTest"/>
</testsuite> <!-- com.hybridFramework.GroupMasterDefinitionMakerTest.PaymentTypeMappingMakerTest -->
