<?xml version="1.0" encoding="UTF-8"?>
<!-- Generated by org.testng.reporters.JUnitReportReporter -->
<testsuite name="com.hybridFramework.PagesOfCorporateDefinitionMakerTest.CreateCorporateUserMakerTest" tests="13" time="137.691" ignored="0" failures="0" timestamp="05 Sep 2020 14:09:17 GMT" skipped="0" hostname="API-Laptop-065" errors="0">
  <testcase name="loginToCreateCorporateUserChecker" time="6.200" classname="com.hybridFramework.PagesOfCorporateDefinitionMakerTest.CreateCorporateUserMakerTest"/>
  <testcase name="switchTowindowModifyViewPageToCorpoeatePoolAccountDetailsMakerPage" time="11.161" classname="com.hybridFramework.PagesOfCorporateDefinitionMakerTest.CreateCorporateUserMakerTest"/>
  <testcase name="goToTheMakerToVerifyCheckerHasApprovedTheEdited" time="18.006" classname="com.hybridFramework.PagesOfCorporateDefinitionMakerTest.CreateCorporateUserMakerTest"/>
  <testcase name="testLoginToCreateCorporateUserMaker" time="5.636" classname="com.hybridFramework.PagesOfCorporateDefinitionMakerTest.CreateCorporateUserMakerTest"/>
  <testcase name="gotoMakerCheckerApprovedCountrypage" time="31.432" classname="com.hybridFramework.PagesOfCorporateDefinitionMakerTest.CreateCorporateUserMakerTest"/>
  <testcase name="verifyAddcheckerListOnAuthorizedCreateCCorporateUserCheckerpage" time="11.339" classname="com.hybridFramework.PagesOfCorporateDefinitionMakerTest.CreateCorporateUserMakerTest"/>
  <testcase name="switchToMainwindow" time="1.848" classname="com.hybridFramework.PagesOfCorporateDefinitionMakerTest.CreateCorporateUserMakerTest"/>
  <testcase name="clickonsubmitbuttonAndverifySuccesfullMessagePage" time="0.004" classname="com.hybridFramework.PagesOfCorporateDefinitionMakerTest.CreateCorporateUserMakerTest"/>
  <testcase name="verifyCorporateUserCheckerPageListAfterEditedHasDoneByMakerANd" time="11.374" classname="com.hybridFramework.PagesOfCorporateDefinitionMakerTest.CreateCorporateUserMakerTest"/>
  <testcase name="toModifyPageWhenAcceptAddedUser" time="1.921" classname="com.hybridFramework.PagesOfCorporateDefinitionMakerTest.CreateCorporateUserMakerTest"/>
  <testcase name="testloginToCorporateUsersCheckerWhenViewRejectPageHasEdited" time="7.366" classname="com.hybridFramework.PagesOfCorporateDefinitionMakerTest.CreateCorporateUserMakerTest"/>
  <testcase name="testToVerifyCheckerViewPageWhenModifedTheCorporateUser" time="12.184" classname="com.hybridFramework.PagesOfCorporateDefinitionMakerTest.CreateCorporateUserMakerTest"/>
  <testcase name="testToCreateCorporateUserMaker" time="19.220" classname="com.hybridFramework.PagesOfCorporateDefinitionMakerTest.CreateCorporateUserMakerTest"/>
</testsuite> <!-- com.hybridFramework.PagesOfCorporateDefinitionMakerTest.CreateCorporateUserMakerTest -->
