<?xml version="1.0" encoding="UTF-8"?>
<!-- Generated by org.testng.reporters.JUnitReportReporter -->
<testsuite ignored="0" hostname="DESKTOP-3TAMLIN" failures="0" tests="12" name="com.hybridFramework.AddMaker.AddBankMakerTest" time="282.304" errors="0" timestamp="09 Aug 2023 23:48:58 GMT" skipped="0">
  <testcase classname="com.hybridFramework.AddMaker.AddBankMakerTest" name="verifyAddcheckerListinBankCheckerpage" time="3.379"/>
  <testcase classname="com.hybridFramework.AddMaker.AddBankMakerTest" name="gotoMakerWhenCheckerApprovedBankMakerpage" time="70.503"/>
  <testcase classname="com.hybridFramework.AddMaker.AddBankMakerTest" name="clickonsubmitbuttonAndverifySuccesfullMessagePage" time="3.762"/>
  <testcase classname="com.hybridFramework.AddMaker.AddBankMakerTest" name="testToAddBankMakerPage" time="13.970"/>
  <testcase classname="com.hybridFramework.AddMaker.AddBankMakerTest" name="testloginToBankCheckerPage" time="6.816"/>
  <testcase classname="com.hybridFramework.AddMaker.AddBankMakerTest" name="testToBankchekerlogin" time="11.124"/>
  <testcase classname="com.hybridFramework.AddMaker.AddBankMakerTest" name="testloginToBankCheckerToVerifyCheckerViewPageWhenModifedTheBankMaker" time="70.028"/>
  <testcase classname="com.hybridFramework.AddMaker.AddBankMakerTest" name="switchTowindowModifyViewPageToAddBankMakerPage" time="15.905"/>
  <testcase classname="com.hybridFramework.AddMaker.AddBankMakerTest" name="verifyBankCheckerPageListAfterModificationhasDoneByMaker" time="1.364"/>
  <testcase classname="com.hybridFramework.AddMaker.AddBankMakerTest" name="switchToMainwindow" time="15.577"/>
  <testcase classname="com.hybridFramework.AddMaker.AddBankMakerTest" name="testLoginToAddBankMaker" time="1.381"/>
  <testcase classname="com.hybridFramework.AddMaker.AddBankMakerTest" name="goToTheBankMakerToVerifyCheckerHasApprovedTheModifyData" time="68.495"/>
</testsuite> <!-- com.hybridFramework.AddMaker.AddBankMakerTest -->
