<?xml version="1.0" encoding="UTF-8"?>
<!-- Generated by org.testng.reporters.JUnitReportReporter -->
<testsuite name="com.hybridFramework.AddMaker.AddPaymentTypeMakerTest" tests="13" time="199.079" ignored="0" failures="0" timestamp="01 Sep 2020 12:17:28 GMT" skipped="0" hostname="API-Laptop-065" errors="0">
  <testcase name="switchTowindowModifyViewPageToPaymentTypePage" time="15.830" classname="com.hybridFramework.AddMaker.AddPaymentTypeMakerTest"/>
  <testcase name="testloginToPaymentCheckerToVerifyCheckerViewPageWhenModifedThePaymentType" time="40.209" classname="com.hybridFramework.AddMaker.AddPaymentTypeMakerTest"/>
  <testcase name="gotoMakerCheckerApprovedCountrypage" time="40.302" classname="com.hybridFramework.AddMaker.AddPaymentTypeMakerTest"/>
  <testcase name="testloginToPaymentCheckerPage" time="5.747" classname="com.hybridFramework.AddMaker.AddPaymentTypeMakerTest"/>
  <testcase name="clickonsubmitbuttonAndverifySuccesfullMessagePage" time="0.655" classname="com.hybridFramework.AddMaker.AddPaymentTypeMakerTest"/>
  <testcase name="switchToWindowByUsingIterator" time="0.000" classname="com.hybridFramework.AddMaker.AddPaymentTypeMakerTest"/>
  <testcase name="chekerlogin" time="11.977" classname="com.hybridFramework.AddMaker.AddPaymentTypeMakerTest"/>
  <testcase name="verifyAddcheckerListinPaymentTypeCheckerpage" time="3.467" classname="com.hybridFramework.AddMaker.AddPaymentTypeMakerTest"/>
  <testcase name="testLoginToAddPaymentTypeMaker" time="1.834" classname="com.hybridFramework.AddMaker.AddPaymentTypeMakerTest"/>
  <testcase name="testToAddPaymentTypeMakerPage" time="11.195" classname="com.hybridFramework.AddMaker.AddPaymentTypeMakerTest"/>
  <testcase name="switchToMainwindowFromViewPageToMakerPage" time="16.446" classname="com.hybridFramework.AddMaker.AddPaymentTypeMakerTest"/>
  <testcase name="verifyPaymentCheckerPageListAfterModificationhasDoneByMaker" time="0.801" classname="com.hybridFramework.AddMaker.AddPaymentTypeMakerTest"/>
  <testcase name="goToThePaymentMakerToVerifyCheckerHasApprovedTheModifyData" time="50.616" classname="com.hybridFramework.AddMaker.AddPaymentTypeMakerTest"/>
</testsuite> <!-- com.hybridFramework.AddMaker.AddPaymentTypeMakerTest -->
